<?xml version="1.0" encoding="UTF-8"?>
<!-- Generated by org.testng.reporters.JUnitReportReporter -->
<testsuite hostname="LAPTOP-DNMD5KJU" failures="0" tests="1" name="Test.two" time="0.002" errors="0" timestamp="2025-01-28T07:14:40 IST" skipped="0">
  <testcase classname="Test.two" name="hi" time="0.002"/>
  <system-out/>
</testsuite> <!-- Test.two -->
