<?xml version="1.0" encoding="UTF-8"?>
<!-- Generated by org.testng.reporters.JUnitReportReporter -->
<testsuite hostname="LAPTOP-DNMD5KJU" failures="0" tests="1" name="Test.First" time="5.757" errors="0" timestamp="2025-01-27T07:34:02 IST" skipped="0">
  <testcase classname="Test.First" name="firstcases" time="5.757"/>
  <system-out/>
</testsuite> <!-- Test.First -->
