<?xml version="1.0" encoding="UTF-8"?>
<!-- Generated by org.testng.reporters.JUnitReportReporter -->
<testsuite hostname="LAPTOP-DNMD5KJU" failures="0" tests="1" name="Test.First" time="4.710" errors="0" timestamp="2025-01-28T07:15:13 IST" skipped="0">
  <testcase classname="Test.First" name="firstcases" time="4.710"/>
</testsuite> <!-- Test.First -->
